#
# There is insufficient memory for the Java Runtime Environment to continue.
# Native memory allocation (malloc) failed to allocate 1097216 bytes. Error detail: Chunk::new
# Possible reasons:
#   The system is out of physical RAM or swap space
#   This process is running with CompressedOops enabled, and the Java Heap may be blocking the growth of the native heap
# Possible solutions:
#   Reduce memory load on the system
#   Increase physical memory or swap space
#   Check if swap backing store is full
#   Decrease Java heap size (-Xmx/-Xms)
#   Decrease number of Java threads
#   Decrease Java thread stack sizes (-Xss)
#   Set larger code cache with -XX:ReservedCodeCacheSize=
#   JVM is running with Unscaled Compressed Oops mode in which the Java heap is
#     placed in the first 4GB address space. The Java Heap base address is the
#     maximum limit for the native heap growth. Please use -XX:HeapBaseMinAddress
#     to set the Java Heap base and to place the Java Heap above 4GB virtual address.
# This output file may be truncated or incomplete.
#
#  Out of Memory Error (arena.cpp:191), pid=3744, tid=15600
#
# JRE version: OpenJDK Runtime Environment Temurin-17.0.13+11 (17.0.13+11) (build 17.0.13+11)
# Java VM: OpenJDK 64-Bit Server VM Temurin-17.0.13+11 (17.0.13+11, mixed mode, tiered, compressed oops, compressed class ptrs, parallel gc, windows-amd64)
# No core dump will be written. Minidumps are not enabled by default on client versions of Windows
#

---------------  S U M M A R Y ------------

Command Line: --add-modules=ALL-SYSTEM --add-opens=java.base/java.util=ALL-UNNAMED --add-opens=java.base/java.lang=ALL-UNNAMED --add-opens=java.base/sun.nio.fs=ALL-UNNAMED -Declipse.application=org.eclipse.jdt.ls.core.id1 -Dosgi.bundles.defaultStartLevel=4 -Declipse.product=org.eclipse.jdt.ls.core.product -Djava.import.generatesMetadataFilesAtProjectRoot=false -DDetectVMInstallationsJob.disabled=true -Dfile.encoding=utf8 -XX:+UseParallelGC -XX:GCTimeRatio=4 -XX:AdaptiveSizePolicyWeight=90 -Dsun.zip.disableMemoryMapping=true -Xmx1G -Xms100m -Xlog:disable -javaagent:c:\Users\Pro\.vscode\extensions\redhat.java-1.38.0-win32-x64\lombok\lombok-1.18.34.jar -XX:+HeapDumpOnOutOfMemoryError -XX:HeapDumpPath=c:\Users\Pro\AppData\Roaming\Code\User\workspaceStorage\f04f79d8a650a3d41215f12cbddc60ee\redhat.java -Daether.dependencyCollector.impl=bf c:\Users\Pro\.vscode\extensions\redhat.java-1.38.0-win32-x64\server\plugins\org.eclipse.equinox.launcher_1.6.900.v20240613-2009.jar -configuration c:\Users\Pro\AppData\Roaming\Code\User\globalStorage\redhat.java\1.38.0\config_win -data c:\Users\Pro\AppData\Roaming\Code\User\workspaceStorage\f04f79d8a650a3d41215f12cbddc60ee\redhat.java\jdt_ws --pipe=\\.\pipe\lsp-50bd6818099bc09b29bedf4b2285fe81-sock

Host: Intel(R) Core(TM) i5-6300U CPU @ 2.40GHz, 4 cores, 7G,  Windows 11 , 64 bit Build 22621 (10.0.22621.4391)
Time: Mon Jan 20 13:00:36 2025 Temps universel coordonné elapsed time: 118.478360 seconds (0d 0h 1m 58s)

---------------  T H R E A D  ---------------

Current thread (0x00000214d474ab50):  JavaThread "C2 CompilerThread0" daemon [_thread_in_native, id=15600, stack(0x0000004e22100000,0x0000004e22200000)]


Current CompileTask:
C2: 118478 10644 % !   4       org.eclipse.jdt.internal.compiler.classfmt.ClassFileReader::<init> @ 63 (2119 bytes)

Stack: [0x0000004e22100000,0x0000004e22200000]
Native frames: (J=compiled Java code, j=interpreted, Vv=VM code, C=native code)
V  [jvm.dll+0x682a19]
V  [jvm.dll+0x839538]
V  [jvm.dll+0x83afe3]
V  [jvm.dll+0x83b653]
V  [jvm.dll+0x24704f]
V  [jvm.dll+0xace34]
V  [jvm.dll+0xad4cc]
V  [jvm.dll+0x2ac84f]
V  [jvm.dll+0x588a79]
V  [jvm.dll+0x220ea2]
V  [jvm.dll+0x22129f]
V  [jvm.dll+0x21a2b0]
V  [jvm.dll+0x21738b]
V  [jvm.dll+0x1a3070]
V  [jvm.dll+0x22788c]
V  [jvm.dll+0x2259eb]
V  [jvm.dll+0x7eec98]
V  [jvm.dll+0x7e8ffc]
V  [jvm.dll+0x6818f7]
C  [ucrtbase.dll+0x29333]
C  [KERNEL32.DLL+0x1259d]
C  [ntdll.dll+0x5af38]


---------------  P R O C E S S  ---------------

Threads class SMR info:
_java_thread_list=0x00000214dbefe430, length=41, elements={
0x00000214be986eb0, 0x00000214d4718030, 0x00000214d4719370, 0x00000214d4746320,
0x00000214d4746bf0, 0x00000214d47474c0, 0x00000214d4749ea0, 0x00000214d474ab50,
0x00000214d99135f0, 0x00000214d99162c0, 0x00000214be9e88a0, 0x00000214d9b841d0,
0x00000214d9bbb4a0, 0x00000214d9a86640, 0x00000214da4abf70, 0x00000214da0c5ef0,
0x00000214d9bef540, 0x00000214da163ff0, 0x00000214da161770, 0x00000214da162bb0,
0x00000214da161c80, 0x00000214da1626a0, 0x00000214da1630c0, 0x00000214da1635d0,
0x00000214da163ae0, 0x00000214da162190, 0x00000214dd21ce90, 0x00000214dd217880,
0x00000214dd21c980, 0x00000214dd217d90, 0x00000214dd21c470, 0x00000214dd216440,
0x00000214dd215a20, 0x00000214dd218cc0, 0x00000214dd2187b0, 0x00000214dd21b540,
0x00000214dd216950, 0x00000214dd216e60, 0x00000214dd2182a0, 0x00000214dd2191d0,
0x00000214db8db030
}

Java Threads: ( => current thread )
  0x00000214be986eb0 JavaThread "main" [_thread_blocked, id=7256, stack(0x0000004e21700000,0x0000004e21800000)]
  0x00000214d4718030 JavaThread "Reference Handler" daemon [_thread_blocked, id=11248, stack(0x0000004e21b00000,0x0000004e21c00000)]
  0x00000214d4719370 JavaThread "Finalizer" daemon [_thread_blocked, id=14376, stack(0x0000004e21c00000,0x0000004e21d00000)]
  0x00000214d4746320 JavaThread "Signal Dispatcher" daemon [_thread_blocked, id=5796, stack(0x0000004e21d00000,0x0000004e21e00000)]
  0x00000214d4746bf0 JavaThread "Attach Listener" daemon [_thread_blocked, id=17280, stack(0x0000004e21e00000,0x0000004e21f00000)]
  0x00000214d47474c0 JavaThread "Service Thread" daemon [_thread_blocked, id=17276, stack(0x0000004e21f00000,0x0000004e22000000)]
  0x00000214d4749ea0 JavaThread "Monitor Deflation Thread" daemon [_thread_blocked, id=12204, stack(0x0000004e22000000,0x0000004e22100000)]
=>0x00000214d474ab50 JavaThread "C2 CompilerThread0" daemon [_thread_in_native, id=15600, stack(0x0000004e22100000,0x0000004e22200000)]
  0x00000214d99135f0 JavaThread "C1 CompilerThread0" daemon [_thread_in_native, id=8976, stack(0x0000004e22200000,0x0000004e22300000)]
  0x00000214d99162c0 JavaThread "Sweeper thread" daemon [_thread_blocked, id=6044, stack(0x0000004e22300000,0x0000004e22400000)]
  0x00000214be9e88a0 JavaThread "Common-Cleaner" daemon [_thread_blocked, id=2084, stack(0x0000004e22400000,0x0000004e22500000)]
  0x00000214d9b841d0 JavaThread "Notification Thread" daemon [_thread_blocked, id=17248, stack(0x0000004e22500000,0x0000004e22600000)]
  0x00000214d9bbb4a0 JavaThread "Active Thread: Equinox Container: 985f4981-4eac-44a5-ad32-33a94cf86653" [_thread_blocked, id=15388, stack(0x0000004e22a00000,0x0000004e22b00000)]
  0x00000214d9a86640 JavaThread "Refresh Thread: Equinox Container: 985f4981-4eac-44a5-ad32-33a94cf86653" daemon [_thread_blocked, id=8404, stack(0x0000004e22c00000,0x0000004e22d00000)]
  0x00000214da4abf70 JavaThread "Framework Event Dispatcher: Equinox Container: 985f4981-4eac-44a5-ad32-33a94cf86653" daemon [_thread_blocked, id=2960, stack(0x0000004e22b00000,0x0000004e22c00000)]
  0x00000214da0c5ef0 JavaThread "Start Level: Equinox Container: 985f4981-4eac-44a5-ad32-33a94cf86653" daemon [_thread_blocked, id=15500, stack(0x0000004e22d00000,0x0000004e22e00000)]
  0x00000214d9bef540 JavaThread "Bundle File Closer" daemon [_thread_blocked, id=16824, stack(0x0000004e22e00000,0x0000004e22f00000)]
  0x00000214da163ff0 JavaThread "SCR Component Actor" daemon [_thread_blocked, id=12280, stack(0x0000004e22f00000,0x0000004e23000000)]
  0x00000214da161770 JavaThread "Worker-JM" [_thread_blocked, id=1276, stack(0x0000004e23200000,0x0000004e23300000)]
  0x00000214da162bb0 JavaThread "Worker-0: Initialize workspace" [_thread_in_native, id=13896, stack(0x0000004e23100000,0x0000004e23200000)]
  0x00000214da161c80 JavaThread "Worker-1" [_thread_blocked, id=13384, stack(0x0000004e23300000,0x0000004e23400000)]
  0x00000214da1626a0 JavaThread "Worker-2: Publish Diagnostics" [_thread_in_vm, id=16148, stack(0x0000004e23400000,0x0000004e23500000)]
  0x00000214da1630c0 JavaThread "Worker-3: Java indexing... " [_thread_blocked, id=16960, stack(0x0000004e23500000,0x0000004e23600000)]
  0x00000214da1635d0 JavaThread "Java indexing" daemon [_thread_blocked, id=8616, stack(0x0000004e23700000,0x0000004e23800000)]
  0x00000214da163ae0 JavaThread "JNA Cleaner" daemon [_thread_blocked, id=16520, stack(0x0000004e23800000,0x0000004e23900000)]
  0x00000214da162190 JavaThread "Worker-4" [_thread_blocked, id=4876, stack(0x0000004e23000000,0x0000004e23100000)]
  0x00000214dd21ce90 JavaThread "Thread-2" daemon [_thread_in_native, id=16440, stack(0x0000004e23a00000,0x0000004e23b00000)]
  0x00000214dd217880 JavaThread "Thread-3" daemon [_thread_in_native, id=14104, stack(0x0000004e23b00000,0x0000004e23c00000)]
  0x00000214dd21c980 JavaThread "Thread-4" daemon [_thread_in_native, id=16472, stack(0x0000004e23c00000,0x0000004e23d00000)]
  0x00000214dd217d90 JavaThread "Thread-5" daemon [_thread_in_native, id=7892, stack(0x0000004e23d00000,0x0000004e23e00000)]
  0x00000214dd21c470 JavaThread "Thread-6" daemon [_thread_in_native, id=13512, stack(0x0000004e23e00000,0x0000004e23f00000)]
  0x00000214dd216440 JavaThread "pool-2-thread-1" [_thread_blocked, id=16468, stack(0x0000004e23f00000,0x0000004e24000000)]
  0x00000214dd215a20 JavaThread "WorkspaceEventsHandler" [_thread_blocked, id=16600, stack(0x0000004e24000000,0x0000004e24100000)]
  0x00000214dd218cc0 JavaThread "pool-1-thread-1" [_thread_blocked, id=13624, stack(0x0000004e24100000,0x0000004e24200000)]
  0x00000214dd2187b0 JavaThread "Worker-5" [_thread_blocked, id=7116, stack(0x0000004e24300000,0x0000004e24400000)]
  0x00000214dd21b540 JavaThread "ForkJoinPool.commonPool-worker-1" daemon [_thread_in_Java, id=11552, stack(0x0000004e21600000,0x0000004e21700000)]
  0x00000214dd216950 JavaThread "ForkJoinPool.commonPool-worker-2" daemon [_thread_blocked, id=13252, stack(0x0000004e24200000,0x0000004e24300000)]
  0x00000214dd216e60 JavaThread "ForkJoinPool.commonPool-worker-3" daemon [_thread_blocked, id=15344, stack(0x0000004e24400000,0x0000004e24500000)]
  0x00000214dd2182a0 JavaThread "Thread-7" daemon [_thread_in_Java, id=16908, stack(0x0000004e21800000,0x0000004e21900000)]
  0x00000214dd2191d0 JavaThread "SCR Component Registry" daemon [_thread_blocked, id=4900, stack(0x0000004e24600000,0x0000004e24700000)]
  0x00000214db8db030 JavaThread "C2 CompilerThread1" daemon [_thread_in_native, id=15280, stack(0x0000004e24500000,0x0000004e24600000)]

Other Threads:
  0x00000214d46feab0 VMThread "VM Thread" [stack: 0x0000004e21a00000,0x0000004e21b00000] [id=16796]
  0x00000214d9bbde60 WatcherThread [stack: 0x0000004e22600000,0x0000004e22700000] [id=12096]
  0x00000214be99c2b0 GCTaskThread "GC Thread#0" [stack: 0x0000004e21900000,0x0000004e21a00000] [id=9788]
  0x00000214da1c7270 GCTaskThread "GC Thread#1" [stack: 0x0000004e22700000,0x0000004e22800000] [id=13644]
  0x00000214da2167d0 GCTaskThread "GC Thread#2" [stack: 0x0000004e22800000,0x0000004e22900000] [id=10604]
  0x00000214da216a90 GCTaskThread "GC Thread#3" [stack: 0x0000004e22900000,0x0000004e22a00000] [id=5256]

Threads with active compile tasks:
C2 CompilerThread0   118589 10644 % !   4       org.eclipse.jdt.internal.compiler.classfmt.ClassFileReader::<init> @ 63 (2119 bytes)
C1 CompilerThread0   118590 10676   !   3       lombok.launch.ShadowClassLoader::loadClass (242 bytes)
C2 CompilerThread1   118591 10671       4       com.google.gson.internal.bind.ArrayTypeAdapter::read (133 bytes)

VM state: not at safepoint (normal execution)

VM Mutex/Monitor currently owned by a thread: None

Heap address: 0x00000000c0000000, size: 1024 MB, Compressed Oops mode: 32-bit

CDS archive(s) not mapped
Compressed class space mapped at: 0x0000000100000000-0x0000000140000000, reserved size: 1073741824
Narrow klass base: 0x0000000000000000, Narrow klass shift: 3, Narrow klass range: 0x140000000

GC Precious Log:
 CPUs: 4 total, 4 available
 Memory: 8072M
 Large Page Support: Disabled
 NUMA Support: Disabled
 Compressed Oops: Enabled (32-bit)
 Alignments: Space 512K, Generation 512K, Heap 2M
 Heap Min Capacity: 100M
 Heap Initial Capacity: 100M
 Heap Max Capacity: 1G
 Pre-touch: Disabled
 Parallel Workers: 4

Heap:
 PSYoungGen      total 16384K, used 8930K [0x00000000eab00000, 0x00000000ebd00000, 0x0000000100000000)
  eden space 14848K, 49% used [0x00000000eab00000,0x00000000eb238b10,0x00000000eb980000)
  from space 1536K, 100% used [0x00000000eb980000,0x00000000ebb00000,0x00000000ebb00000)
  to   space 1024K, 0% used [0x00000000ebb00000,0x00000000ebb00000,0x00000000ebc00000)
 ParOldGen       total 107520K, used 79659K [0x00000000c0000000, 0x00000000c6900000, 0x00000000eab00000)
  object space 107520K, 74% used [0x00000000c0000000,0x00000000c4dcada8,0x00000000c6900000)
 Metaspace       used 73907K, committed 75200K, reserved 1179648K
  class space    used 7932K, committed 8448K, reserved 1048576K

Card table byte_map: [0x00000214d1fd0000,0x00000214d21e0000] _byte_map_base: 0x00000214d19d0000

Marking Bits: (ParMarkBitMap*) 0x00007fffa2036940
 Begin Bits: [0x00000214d2340000, 0x00000214d3340000)
 End Bits:   [0x00000214d3340000, 0x00000214d4340000)

Polling page: 0x00000214bea30000

Metaspace:

Usage:
  Non-class:     64.43 MB used.
      Class:      7.75 MB used.
       Both:     72.18 MB used.

Virtual space:
  Non-class space:      128.00 MB reserved,      65.19 MB ( 51%) committed,  2 nodes.
      Class space:        1.00 GB reserved,       8.25 MB ( <1%) committed,  1 nodes.
             Both:        1.12 GB reserved,      73.44 MB (  6%) committed. 

Chunk freelists:
   Non-Class:  14.79 MB
       Class:  7.58 MB
        Both:  22.37 MB

MaxMetaspaceSize: unlimited
CompressedClassSpaceSize: 1.00 GB
Initial GC threshold: 21.00 MB
Current GC threshold: 122.12 MB
CDS: off
MetaspaceReclaimPolicy: balanced
 - commit_granule_bytes: 65536.
 - commit_granule_words: 8192.
 - virtual_space_node_default_size: 8388608.
 - enlarge_chunks_in_place: 1.
 - new_chunks_are_fully_committed: 0.
 - uncommit_free_chunks: 1.
 - use_allocation_guard: 0.
 - handle_deallocations: 1.


Internal statistics:

num_allocs_failed_limit: 9.
num_arena_births: 882.
num_arena_deaths: 40.
num_vsnodes_births: 3.
num_vsnodes_deaths: 0.
num_space_committed: 1175.
num_space_uncommitted: 0.
num_chunks_returned_to_freelist: 56.
num_chunks_taken_from_freelist: 3844.
num_chunk_merges: 17.
num_chunk_splits: 2350.
num_chunks_enlarged: 1329.
num_inconsistent_stats: 0.

CodeHeap 'non-profiled nmethods': size=120000Kb used=6265Kb max_used=6265Kb free=113734Kb
 bounds [0x00000214ca8c0000, 0x00000214caee0000, 0x00000214d1df0000]
CodeHeap 'profiled nmethods': size=120000Kb used=19406Kb max_used=19406Kb free=100594Kb
 bounds [0x00000214c2df0000, 0x00000214c40f0000, 0x00000214ca320000]
CodeHeap 'non-nmethods': size=5760Kb used=1399Kb max_used=1480Kb free=4360Kb
 bounds [0x00000214ca320000, 0x00000214ca590000, 0x00000214ca8c0000]
 total_blobs=9852 nmethods=9098 adapters=665
 compilation: enabled
              stopped_count=0, restarted_count=0
 full_count=0

Compilation events (20 events):
Event: 118.353 Thread 0x00000214d99135f0 10652       3       org.eclipse.jdt.internal.core.JavaModelManager::getZipFile (7 bytes)
Event: 118.354 Thread 0x00000214d99135f0 nmethod 10652 0x00000214c40cf910 code [0x00000214c40cfac0, 0x00000214c40cfc08]
Event: 118.362 Thread 0x00000214d99135f0 10653       3       org.eclipse.jdt.internal.core.JarPackageFragmentRoot::unmodifiableCopy (108 bytes)
Event: 118.363 Thread 0x00000214d99135f0 nmethod 10653 0x00000214c40cfc90 code [0x00000214c40cff80, 0x00000214c40d1128]
Event: 118.367 Thread 0x00000214d99135f0 10654       3       java.util.AbstractList::equals (117 bytes)
Event: 118.368 Thread 0x00000214d99135f0 nmethod 10654 0x00000214c40d1690 code [0x00000214c40d1900, 0x00000214c40d25e8]
Event: 118.383 Thread 0x00000214d99135f0 10655       3       org.eclipse.jdt.internal.core.JarPackageFragment::computeNonJavaResources (474 bytes)
Event: 118.436 Thread 0x00000214d99135f0 nmethod 10655 0x00000214c40d2890 code [0x00000214c40d2f60, 0x00000214c40d7af8]
Event: 118.436 Thread 0x00000214d99135f0 10659       3       com.google.gson.internal.$Gson$Types::equals (286 bytes)
Event: 118.438 Thread 0x00000214d99135f0 nmethod 10659 0x00000214c40d9690 code [0x00000214c40d9b00, 0x00000214c40dc4a8]
Event: 118.438 Thread 0x00000214d99135f0 10661       3       com.google.gson.stream.JsonReader::endArray (60 bytes)
Event: 118.439 Thread 0x00000214d99135f0 nmethod 10661 0x00000214c40dcb10 code [0x00000214c40dccc0, 0x00000214c40dcf98]
Event: 118.439 Thread 0x00000214d99135f0 10663       3       com.google.gson.stream.JsonReader::beginArray (52 bytes)
Event: 118.439 Thread 0x00000214d99135f0 nmethod 10663 0x00000214c40dd110 code [0x00000214c40dd2e0, 0x00000214c40dd5e8]
Event: 118.439 Thread 0x00000214d99135f0 10656   !   3       org.eclipse.jdt.internal.core.JavaModelManager::getZipFile (167 bytes)
Event: 118.442 Thread 0x00000214d99135f0 nmethod 10656 0x00000214c40dd790 code [0x00000214c40ddae0, 0x00000214c40ded78]
Event: 118.442 Thread 0x00000214d99135f0 10657       3       java.util.zip.ZipFile$ZipEntryIterator::<init> (20 bytes)
Event: 118.442 Thread 0x00000214d99135f0 nmethod 10657 0x00000214c40df590 code [0x00000214c40df720, 0x00000214c40df8b8]
Event: 118.442 Thread 0x00000214d99135f0 10658       1       org.eclipse.jdt.internal.compiler.classfmt.FieldInfo::sizeInBytes (5 bytes)
Event: 118.443 Thread 0x00000214d99135f0 nmethod 10658 0x00000214caedca10 code [0x00000214caedcba0, 0x00000214caedcc78]

GC Heap History (20 events):
Event: 113.161 GC heap before
{Heap before GC invocations=48 (full 3):
 PSYoungGen      total 16896K, used 16871K [0x00000000eab00000, 0x00000000ebe00000, 0x0000000100000000)
  eden space 16384K, 100% used [0x00000000eab00000,0x00000000ebb00000,0x00000000ebb00000)
  from space 512K, 95% used [0x00000000ebd80000,0x00000000ebdf9d10,0x00000000ebe00000)
  to   space 1536K, 0% used [0x00000000ebb00000,0x00000000ebb00000,0x00000000ebc80000)
 ParOldGen       total 68608K, used 58795K [0x00000000c0000000, 0x00000000c4300000, 0x00000000eab00000)
  object space 68608K, 85% used [0x00000000c0000000,0x00000000c396ae18,0x00000000c4300000)
 Metaspace       used 69961K, committed 71168K, reserved 1114112K
  class space    used 7512K, committed 8064K, reserved 1048576K
}
Event: 113.163 GC heap after
{Heap after GC invocations=48 (full 3):
 PSYoungGen      total 17920K, used 1486K [0x00000000eab00000, 0x00000000ebe00000, 0x0000000100000000)
  eden space 16384K, 0% used [0x00000000eab00000,0x00000000eab00000,0x00000000ebb00000)
  from space 1536K, 96% used [0x00000000ebb00000,0x00000000ebc73b90,0x00000000ebc80000)
  to   space 1536K, 0% used [0x00000000ebc80000,0x00000000ebc80000,0x00000000ebe00000)
 ParOldGen       total 68608K, used 59284K [0x00000000c0000000, 0x00000000c4300000, 0x00000000eab00000)
  object space 68608K, 86% used [0x00000000c0000000,0x00000000c39e5038,0x00000000c4300000)
 Metaspace       used 69961K, committed 71168K, reserved 1114112K
  class space    used 7512K, committed 8064K, reserved 1048576K
}
Event: 113.924 GC heap before
{Heap before GC invocations=49 (full 3):
 PSYoungGen      total 17920K, used 17870K [0x00000000eab00000, 0x00000000ebe00000, 0x0000000100000000)
  eden space 16384K, 100% used [0x00000000eab00000,0x00000000ebb00000,0x00000000ebb00000)
  from space 1536K, 96% used [0x00000000ebb00000,0x00000000ebc73b90,0x00000000ebc80000)
  to   space 1536K, 0% used [0x00000000ebc80000,0x00000000ebc80000,0x00000000ebe00000)
 ParOldGen       total 68608K, used 59284K [0x00000000c0000000, 0x00000000c4300000, 0x00000000eab00000)
  object space 68608K, 86% used [0x00000000c0000000,0x00000000c39e5038,0x00000000c4300000)
 Metaspace       used 70123K, committed 71360K, reserved 1114112K
  class space    used 7532K, committed 8064K, reserved 1048576K
}
Event: 113.932 GC heap after
{Heap after GC invocations=49 (full 3):
 PSYoungGen      total 17920K, used 1281K [0x00000000eab00000, 0x00000000ebe00000, 0x0000000100000000)
  eden space 16384K, 0% used [0x00000000eab00000,0x00000000eab00000,0x00000000ebb00000)
  from space 1536K, 83% used [0x00000000ebc80000,0x00000000ebdc0670,0x00000000ebe00000)
  to   space 1536K, 0% used [0x00000000ebb00000,0x00000000ebb00000,0x00000000ebc80000)
 ParOldGen       total 68608K, used 60683K [0x00000000c0000000, 0x00000000c4300000, 0x00000000eab00000)
  object space 68608K, 88% used [0x00000000c0000000,0x00000000c3b42d70,0x00000000c4300000)
 Metaspace       used 70123K, committed 71360K, reserved 1114112K
  class space    used 7532K, committed 8064K, reserved 1048576K
}
Event: 114.493 GC heap before
{Heap before GC invocations=50 (full 3):
 PSYoungGen      total 17920K, used 17633K [0x00000000eab00000, 0x00000000ebe00000, 0x0000000100000000)
  eden space 16384K, 99% used [0x00000000eab00000,0x00000000ebaf7f98,0x00000000ebb00000)
  from space 1536K, 83% used [0x00000000ebc80000,0x00000000ebdc0670,0x00000000ebe00000)
  to   space 1536K, 0% used [0x00000000ebb00000,0x00000000ebb00000,0x00000000ebc80000)
 ParOldGen       total 68608K, used 60683K [0x00000000c0000000, 0x00000000c4300000, 0x00000000eab00000)
  object space 68608K, 88% used [0x00000000c0000000,0x00000000c3b42d70,0x00000000c4300000)
 Metaspace       used 70407K, committed 71680K, reserved 1114112K
  class space    used 7571K, committed 8128K, reserved 1048576K
}
Event: 114.498 GC heap after
{Heap after GC invocations=50 (full 3):
 PSYoungGen      total 16896K, used 501K [0x00000000eab00000, 0x00000000ebd00000, 0x0000000100000000)
  eden space 16384K, 0% used [0x00000000eab00000,0x00000000eab00000,0x00000000ebb00000)
  from space 512K, 97% used [0x00000000ebb00000,0x00000000ebb7d4a8,0x00000000ebb80000)
  to   space 1024K, 0% used [0x00000000ebc00000,0x00000000ebc00000,0x00000000ebd00000)
 ParOldGen       total 68608K, used 61840K [0x00000000c0000000, 0x00000000c4300000, 0x00000000eab00000)
  object space 68608K, 90% used [0x00000000c0000000,0x00000000c3c64280,0x00000000c4300000)
 Metaspace       used 70407K, committed 71680K, reserved 1114112K
  class space    used 7571K, committed 8128K, reserved 1048576K
}
Event: 114.945 GC heap before
{Heap before GC invocations=51 (full 3):
 PSYoungGen      total 16896K, used 16885K [0x00000000eab00000, 0x00000000ebd00000, 0x0000000100000000)
  eden space 16384K, 100% used [0x00000000eab00000,0x00000000ebb00000,0x00000000ebb00000)
  from space 512K, 97% used [0x00000000ebb00000,0x00000000ebb7d4a8,0x00000000ebb80000)
  to   space 1024K, 0% used [0x00000000ebc00000,0x00000000ebc00000,0x00000000ebd00000)
 ParOldGen       total 68608K, used 61840K [0x00000000c0000000, 0x00000000c4300000, 0x00000000eab00000)
  object space 68608K, 90% used [0x00000000c0000000,0x00000000c3c64280,0x00000000c4300000)
 Metaspace       used 70787K, committed 72128K, reserved 1114112K
  class space    used 7617K, committed 8192K, reserved 1048576K
}
Event: 114.950 GC heap after
{Heap after GC invocations=51 (full 3):
 PSYoungGen      total 16384K, used 1013K [0x00000000eab00000, 0x00000000ebf00000, 0x0000000100000000)
  eden space 15360K, 0% used [0x00000000eab00000,0x00000000eab00000,0x00000000eba00000)
  from space 1024K, 98% used [0x00000000ebc00000,0x00000000ebcfd4d8,0x00000000ebd00000)
  to   space 2048K, 0% used [0x00000000eba00000,0x00000000eba00000,0x00000000ebc00000)
 ParOldGen       total 68608K, used 62542K [0x00000000c0000000, 0x00000000c4300000, 0x00000000eab00000)
  object space 68608K, 91% used [0x00000000c0000000,0x00000000c3d13bb8,0x00000000c4300000)
 Metaspace       used 70787K, committed 72128K, reserved 1114112K
  class space    used 7617K, committed 8192K, reserved 1048576K
}
Event: 116.439 GC heap before
{Heap before GC invocations=52 (full 3):
 PSYoungGen      total 16384K, used 16372K [0x00000000eab00000, 0x00000000ebf00000, 0x0000000100000000)
  eden space 15360K, 99% used [0x00000000eab00000,0x00000000eb9ffdd0,0x00000000eba00000)
  from space 1024K, 98% used [0x00000000ebc00000,0x00000000ebcfd4d8,0x00000000ebd00000)
  to   space 2048K, 0% used [0x00000000eba00000,0x00000000eba00000,0x00000000ebc00000)
 ParOldGen       total 68608K, used 62542K [0x00000000c0000000, 0x00000000c4300000, 0x00000000eab00000)
  object space 68608K, 91% used [0x00000000c0000000,0x00000000c3d13bb8,0x00000000c4300000)
 Metaspace       used 71941K, committed 73280K, reserved 1114112K
  class space    used 7761K, committed 8320K, reserved 1048576K
}
Event: 116.448 GC heap after
{Heap after GC invocations=52 (full 3):
 PSYoungGen      total 16384K, used 716K [0x00000000eab00000, 0x00000000ebd00000, 0x0000000100000000)
  eden space 15360K, 0% used [0x00000000eab00000,0x00000000eab00000,0x00000000eba00000)
  from space 1024K, 69% used [0x00000000eba00000,0x00000000ebab30d0,0x00000000ebb00000)
  to   space 1536K, 0% used [0x00000000ebb80000,0x00000000ebb80000,0x00000000ebd00000)
 ParOldGen       total 68608K, used 63409K [0x00000000c0000000, 0x00000000c4300000, 0x00000000eab00000)
  object space 68608K, 92% used [0x00000000c0000000,0x00000000c3dec7d0,0x00000000c4300000)
 Metaspace       used 71941K, committed 73280K, reserved 1114112K
  class space    used 7761K, committed 8320K, reserved 1048576K
}
Event: 117.474 GC heap before
{Heap before GC invocations=53 (full 3):
 PSYoungGen      total 16384K, used 16076K [0x00000000eab00000, 0x00000000ebd00000, 0x0000000100000000)
  eden space 15360K, 100% used [0x00000000eab00000,0x00000000eba00000,0x00000000eba00000)
  from space 1024K, 69% used [0x00000000eba00000,0x00000000ebab30d0,0x00000000ebb00000)
  to   space 1536K, 0% used [0x00000000ebb80000,0x00000000ebb80000,0x00000000ebd00000)
 ParOldGen       total 68608K, used 63409K [0x00000000c0000000, 0x00000000c4300000, 0x00000000eab00000)
  object space 68608K, 92% used [0x00000000c0000000,0x00000000c3dec7d0,0x00000000c4300000)
 Metaspace       used 73518K, committed 74816K, reserved 1179648K
  class space    used 7908K, committed 8448K, reserved 1048576K
}
Event: 117.479 GC heap after
{Heap after GC invocations=53 (full 3):
 PSYoungGen      total 16384K, used 864K [0x00000000eab00000, 0x00000000ebc80000, 0x0000000100000000)
  eden space 15360K, 0% used [0x00000000eab00000,0x00000000eab00000,0x00000000eba00000)
  from space 1024K, 84% used [0x00000000ebb80000,0x00000000ebc58020,0x00000000ebc80000)
  to   space 1024K, 0% used [0x00000000eba00000,0x00000000eba00000,0x00000000ebb00000)
 ParOldGen       total 68608K, used 63991K [0x00000000c0000000, 0x00000000c4300000, 0x00000000eab00000)
  object space 68608K, 93% used [0x00000000c0000000,0x00000000c3e7dfc8,0x00000000c4300000)
 Metaspace       used 73518K, committed 74816K, reserved 1179648K
  class space    used 7908K, committed 8448K, reserved 1048576K
}
Event: 117.634 GC heap before
{Heap before GC invocations=54 (full 3):
 PSYoungGen      total 16384K, used 16224K [0x00000000eab00000, 0x00000000ebc80000, 0x0000000100000000)
  eden space 15360K, 100% used [0x00000000eab00000,0x00000000eba00000,0x00000000eba00000)
  from space 1024K, 84% used [0x00000000ebb80000,0x00000000ebc58020,0x00000000ebc80000)
  to   space 1024K, 0% used [0x00000000eba00000,0x00000000eba00000,0x00000000ebb00000)
 ParOldGen       total 68608K, used 63993K [0x00000000c0000000, 0x00000000c4300000, 0x00000000eab00000)
  object space 68608K, 93% used [0x00000000c0000000,0x00000000c3e7e410,0x00000000c4300000)
 Metaspace       used 73719K, committed 75008K, reserved 1179648K
  class space    used 7926K, committed 8448K, reserved 1048576K
}
Event: 117.645 GC heap after
{Heap after GC invocations=54 (full 3):
 PSYoungGen      total 16384K, used 352K [0x00000000eab00000, 0x00000000ebc00000, 0x0000000100000000)
  eden space 15360K, 0% used [0x00000000eab00000,0x00000000eab00000,0x00000000eba00000)
  from space 1024K, 34% used [0x00000000eba00000,0x00000000eba58010,0x00000000ebb00000)
  to   space 1024K, 0% used [0x00000000ebb00000,0x00000000ebb00000,0x00000000ebc00000)
 ParOldGen       total 70144K, used 69660K [0x00000000c0000000, 0x00000000c4480000, 0x00000000eab00000)
  object space 70144K, 99% used [0x00000000c0000000,0x00000000c4407008,0x00000000c4480000)
 Metaspace       used 73719K, committed 75008K, reserved 1179648K
  class space    used 7926K, committed 8448K, reserved 1048576K
}
Event: 117.753 GC heap before
{Heap before GC invocations=55 (full 4):
 PSYoungGen      total 16384K, used 15712K [0x00000000eab00000, 0x00000000ebc00000, 0x0000000100000000)
  eden space 15360K, 100% used [0x00000000eab00000,0x00000000eba00000,0x00000000eba00000)
  from space 1024K, 34% used [0x00000000eba00000,0x00000000eba58010,0x00000000ebb00000)
  to   space 1024K, 0% used [0x00000000ebb00000,0x00000000ebb00000,0x00000000ebc00000)
 ParOldGen       total 77824K, used 77321K [0x00000000c0000000, 0x00000000c4c00000, 0x00000000eab00000)
  object space 77824K, 99% used [0x00000000c0000000,0x00000000c4b82618,0x00000000c4c00000)
 Metaspace       used 73750K, committed 75008K, reserved 1179648K
  class space    used 7930K, committed 8448K, reserved 1048576K
}
Event: 117.960 GC heap after
{Heap after GC invocations=55 (full 4):
 PSYoungGen      total 16384K, used 0K [0x00000000eab00000, 0x00000000ebc00000, 0x0000000100000000)
  eden space 15360K, 0% used [0x00000000eab00000,0x00000000eab00000,0x00000000eba00000)
  from space 1024K, 0% used [0x00000000ebb00000,0x00000000ebb00000,0x00000000ebc00000)
  to   space 1024K, 0% used [0x00000000eba00000,0x00000000eba00000,0x00000000ebb00000)
 ParOldGen       total 93696K, used 61740K [0x00000000c0000000, 0x00000000c5b80000, 0x00000000eab00000)
  object space 93696K, 65% used [0x00000000c0000000,0x00000000c3c4b098,0x00000000c5b80000)
 Metaspace       used 73746K, committed 75008K, reserved 1179648K
  class space    used 7929K, committed 8448K, reserved 1048576K
}
Event: 118.208 GC heap before
{Heap before GC invocations=56 (full 5):
 PSYoungGen      total 16384K, used 15360K [0x00000000eab00000, 0x00000000ebc00000, 0x0000000100000000)
  eden space 15360K, 100% used [0x00000000eab00000,0x00000000eba00000,0x00000000eba00000)
  from space 1024K, 0% used [0x00000000ebb00000,0x00000000ebb00000,0x00000000ebc00000)
  to   space 1024K, 0% used [0x00000000eba00000,0x00000000eba00000,0x00000000ebb00000)
 ParOldGen       total 104960K, used 99078K [0x00000000c0000000, 0x00000000c6680000, 0x00000000eab00000)
  object space 104960K, 94% used [0x00000000c0000000,0x00000000c60c1be8,0x00000000c6680000)
 Metaspace       used 73865K, committed 75136K, reserved 1179648K
  class space    used 7931K, committed 8448K, reserved 1048576K
}
Event: 118.311 GC heap after
{Heap after GC invocations=56 (full 5):
 PSYoungGen      total 16384K, used 0K [0x00000000eab00000, 0x00000000ebc00000, 0x0000000100000000)
  eden space 15360K, 0% used [0x00000000eab00000,0x00000000eab00000,0x00000000eba00000)
  from space 1024K, 0% used [0x00000000eba00000,0x00000000eba00000,0x00000000ebb00000)
  to   space 1024K, 0% used [0x00000000ebb00000,0x00000000ebb00000,0x00000000ebc00000)
 ParOldGen       total 107520K, used 76215K [0x00000000c0000000, 0x00000000c6900000, 0x00000000eab00000)
  object space 107520K, 70% used [0x00000000c0000000,0x00000000c4a6dcd8,0x00000000c6900000)
 Metaspace       used 73865K, committed 75136K, reserved 1179648K
  class space    used 7931K, committed 8448K, reserved 1048576K
}
Event: 118.451 GC heap before
{Heap before GC invocations=57 (full 5):
 PSYoungGen      total 16384K, used 15360K [0x00000000eab00000, 0x00000000ebc00000, 0x0000000100000000)
  eden space 15360K, 100% used [0x00000000eab00000,0x00000000eba00000,0x00000000eba00000)
  from space 1024K, 0% used [0x00000000eba00000,0x00000000eba00000,0x00000000ebb00000)
  to   space 1024K, 0% used [0x00000000ebb00000,0x00000000ebb00000,0x00000000ebc00000)
 ParOldGen       total 107520K, used 76215K [0x00000000c0000000, 0x00000000c6900000, 0x00000000eab00000)
  object space 107520K, 70% used [0x00000000c0000000,0x00000000c4a6dcd8,0x00000000c6900000)
 Metaspace       used 73884K, committed 75136K, reserved 1179648K
  class space    used 7932K, committed 8448K, reserved 1048576K
}
Event: 118.454 GC heap after
{Heap after GC invocations=57 (full 5):
 PSYoungGen      total 15872K, used 1015K [0x00000000eab00000, 0x00000000ebd00000, 0x0000000100000000)
  eden space 14848K, 0% used [0x00000000eab00000,0x00000000eab00000,0x00000000eb980000)
  from space 1024K, 99% used [0x00000000ebb00000,0x00000000ebbfdc20,0x00000000ebc00000)
  to   space 1536K, 0% used [0x00000000eb980000,0x00000000eb980000,0x00000000ebb00000)
 ParOldGen       total 107520K, used 76527K [0x00000000c0000000, 0x00000000c6900000, 0x00000000eab00000)
  object space 107520K, 71% used [0x00000000c0000000,0x00000000c4abbcd8,0x00000000c6900000)
 Metaspace       used 73884K, committed 75136K, reserved 1179648K
  class space    used 7932K, committed 8448K, reserved 1048576K
}

Dll operation events (14 events):
Event: 0.066 Loaded shared library c:\Users\Pro\.vscode\extensions\redhat.java-1.38.0-win32-x64\jre\17.0.13-win32-x86_64\bin\java.dll
Event: 1.884 Loaded shared library c:\Users\Pro\.vscode\extensions\redhat.java-1.38.0-win32-x64\jre\17.0.13-win32-x86_64\bin\zip.dll
Event: 1.923 Loaded shared library C:\Users\Pro\.vscode\extensions\redhat.java-1.38.0-win32-x64\jre\17.0.13-win32-x86_64\bin\instrument.dll
Event: 2.027 Loaded shared library C:\Users\Pro\.vscode\extensions\redhat.java-1.38.0-win32-x64\jre\17.0.13-win32-x86_64\bin\net.dll
Event: 2.037 Loaded shared library C:\Users\Pro\.vscode\extensions\redhat.java-1.38.0-win32-x64\jre\17.0.13-win32-x86_64\bin\nio.dll
Event: 2.107 Loaded shared library C:\Users\Pro\.vscode\extensions\redhat.java-1.38.0-win32-x64\jre\17.0.13-win32-x86_64\bin\zip.dll
Event: 2.234 Loaded shared library C:\Users\Pro\.vscode\extensions\redhat.java-1.38.0-win32-x64\jre\17.0.13-win32-x86_64\bin\jimage.dll
Event: 2.755 Loaded shared library c:\Users\Pro\.vscode\extensions\redhat.java-1.38.0-win32-x64\jre\17.0.13-win32-x86_64\bin\verify.dll
Event: 16.078 Loaded shared library C:\Users\Pro\AppData\Roaming\Code\User\globalStorage\redhat.java\1.38.0\config_win\org.eclipse.equinox.launcher\org.eclipse.equinox.launcher.win32.win32.x86_64_1.2.1100.v20240722-2106\eclipse_11904.dll
Event: 40.744 Loaded shared library C:\Users\Pro\.vscode\extensions\redhat.java-1.38.0-win32-x64\jre\17.0.13-win32-x86_64\bin\management.dll
Event: 40.750 Loaded shared library C:\Users\Pro\.vscode\extensions\redhat.java-1.38.0-win32-x64\jre\17.0.13-win32-x86_64\bin\management_ext.dll
Event: 46.546 Loaded shared library C:\Users\Pro\AppData\Local\Temp\jna-80525\jna7680150872763979528.dll
Event: 52.747 Loaded shared library C:\Users\Pro\.vscode\extensions\redhat.java-1.38.0-win32-x64\jre\17.0.13-win32-x86_64\bin\sunmscapi.dll
Event: 52.959 Loaded shared library C:\Users\Pro\.vscode\extensions\redhat.java-1.38.0-win32-x64\jre\17.0.13-win32-x86_64\bin\extnet.dll

Deoptimization events (20 events):
Event: 118.102 Thread 0x00000214dd2182a0 DEOPT PACKING pc=0x00000214caed766c sp=0x0000004e218ff250
Event: 118.102 Thread 0x00000214dd2182a0 DEOPT UNPACKING pc=0x00000214ca3766a3 sp=0x0000004e218ff1d8 mode 2
Event: 118.335 Thread 0x00000214dd21b540 Uncommon trap: trap_request=0xffffff45 fr.pc=0x00000214caed93f4 relative=0x0000000000000094
Event: 118.335 Thread 0x00000214dd21b540 Uncommon trap: reason=unstable_if action=reinterpret pc=0x00000214caed93f4 method=org.eclipse.jdt.internal.core.util.WeakHashSet.cleanupGarbageCollectedValues()V @ 68 c2
Event: 118.335 Thread 0x00000214dd21b540 DEOPT PACKING pc=0x00000214caed93f4 sp=0x0000004e216fdde0
Event: 118.335 Thread 0x00000214dd21b540 DEOPT UNPACKING pc=0x00000214ca3766a3 sp=0x0000004e216fdd68 mode 2
Event: 118.429 Thread 0x00000214dd2182a0 DEOPT PACKING pc=0x00000214c3850e2f sp=0x0000004e218feac0
Event: 118.429 Thread 0x00000214dd2182a0 DEOPT UNPACKING pc=0x00000214ca376e43 sp=0x0000004e218fdfd0 mode 3
Event: 118.430 Thread 0x00000214dd2182a0 DEOPT PACKING pc=0x00000214c3850c5c sp=0x0000004e218fec20
Event: 118.430 Thread 0x00000214dd2182a0 DEOPT UNPACKING pc=0x00000214ca376e43 sp=0x0000004e218fe128 mode 0
Event: 118.430 Thread 0x00000214dd2182a0 DEOPT PACKING pc=0x00000214c3850c5c sp=0x0000004e218fed80
Event: 118.430 Thread 0x00000214dd2182a0 DEOPT UNPACKING pc=0x00000214ca376e43 sp=0x0000004e218fe280 mode 0
Event: 118.430 Thread 0x00000214dd2182a0 Uncommon trap: trap_request=0xffffffc6 fr.pc=0x00000214cab7700c relative=0x00000000000002ac
Event: 118.430 Thread 0x00000214dd2182a0 Uncommon trap: reason=bimorphic_or_optimized_type_check action=maybe_recompile pc=0x00000214cab7700c method=com.google.gson.internal.bind.TypeAdapterRuntimeTypeWrapper.read(Lcom/google/gson/stream/JsonReader;)Ljava/lang/Object; @ 5 c2
Event: 118.430 Thread 0x00000214dd2182a0 DEOPT PACKING pc=0x00000214cab7700c sp=0x0000004e218fee50
Event: 118.430 Thread 0x00000214dd2182a0 DEOPT UNPACKING pc=0x00000214ca3766a3 sp=0x0000004e218fedd8 mode 2
Event: 118.430 Thread 0x00000214dd2182a0 Uncommon trap: trap_request=0xffffffc6 fr.pc=0x00000214cab7700c relative=0x00000000000002ac
Event: 118.430 Thread 0x00000214dd2182a0 Uncommon trap: reason=bimorphic_or_optimized_type_check action=maybe_recompile pc=0x00000214cab7700c method=com.google.gson.internal.bind.TypeAdapterRuntimeTypeWrapper.read(Lcom/google/gson/stream/JsonReader;)Ljava/lang/Object; @ 5 c2
Event: 118.430 Thread 0x00000214dd2182a0 DEOPT PACKING pc=0x00000214cab7700c sp=0x0000004e218fed40
Event: 118.430 Thread 0x00000214dd2182a0 DEOPT UNPACKING pc=0x00000214ca3766a3 sp=0x0000004e218fecd8 mode 2

Classes loaded (20 events):
Event: 116.390 Loading class com/sun/org/apache/xerces/internal/xni/XNIException
Event: 116.391 Loading class com/sun/org/apache/xerces/internal/xni/XNIException done
Event: 116.391 Loading class com/sun/org/apache/xerces/internal/xni/parser/XMLParseException
Event: 116.391 Loading class com/sun/org/apache/xerces/internal/xni/parser/XMLParseException done
Event: 116.718 Loading class java/util/concurrent/CompletableFuture$Signaller
Event: 116.720 Loading class java/util/concurrent/CompletableFuture$Signaller done
Event: 117.238 Loading class java/io/FileReader
Event: 117.238 Loading class java/io/FileReader done
Event: 117.242 Loading class java/lang/UnsupportedClassVersionError
Event: 117.242 Loading class java/lang/UnsupportedClassVersionError done
Event: 117.272 Loading class jdk/internal/reflect/UnsafeQualifiedStaticIntegerFieldAccessorImpl
Event: 117.272 Loading class jdk/internal/reflect/UnsafeQualifiedStaticIntegerFieldAccessorImpl done
Event: 117.324 Loading class java/util/regex/Pattern$1
Event: 117.326 Loading class java/util/regex/Pattern$1 done
Event: 117.396 Loading class jdk/internal/event/SecurityPropertyModificationEvent
Event: 117.396 Loading class jdk/internal/event/SecurityPropertyModificationEvent done
Event: 117.620 Loading class java/util/zip/CheckedInputStream
Event: 117.621 Loading class java/util/zip/CheckedInputStream done
Event: 118.102 Loading class java/util/zip/GZIPInputStream$1
Event: 118.102 Loading class java/util/zip/GZIPInputStream$1 done

Classes unloaded (20 events):
Event: 44.677 Thread 0x00000214d46feab0 Unloading class 0x000000010035e000 'java/lang/invoke/LambdaForm$MH+0x000000010035e000'
Event: 44.677 Thread 0x00000214d46feab0 Unloading class 0x000000010035d400 'java/lang/invoke/LambdaForm$MH+0x000000010035d400'
Event: 44.677 Thread 0x00000214d46feab0 Unloading class 0x000000010035cc00 'java/lang/invoke/LambdaForm$MH+0x000000010035cc00'
Event: 44.677 Thread 0x00000214d46feab0 Unloading class 0x000000010035c400 'java/lang/invoke/LambdaForm$DMH+0x000000010035c400'
Event: 44.677 Thread 0x00000214d46feab0 Unloading class 0x000000010035b800 'java/lang/invoke/LambdaForm$MH+0x000000010035b800'
Event: 44.677 Thread 0x00000214d46feab0 Unloading class 0x000000010035b000 'java/lang/invoke/LambdaForm$MH+0x000000010035b000'
Event: 44.677 Thread 0x00000214d46feab0 Unloading class 0x0000000100357000 'java/lang/invoke/LambdaForm$MH+0x0000000100357000'
Event: 44.677 Thread 0x00000214d46feab0 Unloading class 0x0000000100356800 'java/lang/invoke/LambdaForm$MH+0x0000000100356800'
Event: 44.677 Thread 0x00000214d46feab0 Unloading class 0x0000000100355800 'java/lang/invoke/LambdaForm$MH+0x0000000100355800'
Event: 44.677 Thread 0x00000214d46feab0 Unloading class 0x0000000100355000 'java/lang/invoke/LambdaForm$MH+0x0000000100355000'
Event: 44.677 Thread 0x00000214d46feab0 Unloading class 0x0000000100354800 'java/lang/invoke/LambdaForm$MH+0x0000000100354800'
Event: 44.677 Thread 0x00000214d46feab0 Unloading class 0x000000010025b000 'java/lang/invoke/LambdaForm$MH+0x000000010025b000'
Event: 44.677 Thread 0x00000214d46feab0 Unloading class 0x000000010025ac00 'java/lang/invoke/LambdaForm$MH+0x000000010025ac00'
Event: 44.677 Thread 0x00000214d46feab0 Unloading class 0x000000010025a800 'java/lang/invoke/LambdaForm$MH+0x000000010025a800'
Event: 44.677 Thread 0x00000214d46feab0 Unloading class 0x000000010025a400 'java/lang/invoke/LambdaForm$MH+0x000000010025a400'
Event: 44.677 Thread 0x00000214d46feab0 Unloading class 0x000000010025a000 'java/lang/invoke/LambdaForm$BMH+0x000000010025a000'
Event: 44.677 Thread 0x00000214d46feab0 Unloading class 0x0000000100259c00 'java/lang/invoke/LambdaForm$DMH+0x0000000100259c00'
Event: 44.677 Thread 0x00000214d46feab0 Unloading class 0x0000000100251400 'java/lang/invoke/LambdaForm$DMH+0x0000000100251400'
Event: 117.789 Thread 0x00000214d46feab0 Unloading class 0x00000001006c2800 'java/lang/invoke/LambdaForm$DMH+0x00000001006c2800'
Event: 117.789 Thread 0x00000214d46feab0 Unloading class 0x00000001006c2c00 'java/lang/invoke/LambdaForm$DMH+0x00000001006c2c00'

Classes redefined (0 events):
No events

Internal exceptions (20 events):
Event: 116.335 Thread 0x00000214da1626a0 Exception <a 'java/lang/NoSuchMethodError'{0x00000000eb7f64a0}: 'java.lang.Object java.lang.invoke.DirectMethodHandle$Holder.invokeStatic(java.lang.Object, java.lang.Object, int, java.lang.Object)'> (0x00000000eb7f64a0) 
thrown [s\src\hotspot\share\interpreter\linkResolver.cpp, line 759]
Event: 116.480 Thread 0x00000214dd218cc0 Exception <a 'sun/nio/fs/WindowsException'{0x00000000eab43e68}> (0x00000000eab43e68) 
thrown [s\src\hotspot\share\prims\jni.cpp, line 516]
Event: 116.480 Thread 0x00000214dd218cc0 Exception <a 'sun/nio/fs/WindowsException'{0x00000000eab444c0}> (0x00000000eab444c0) 
thrown [s\src\hotspot\share\prims\jni.cpp, line 516]
Event: 116.527 Thread 0x00000214dd218cc0 Exception <a 'sun/nio/fs/WindowsException'{0x00000000eab66e60}> (0x00000000eab66e60) 
thrown [s\src\hotspot\share\prims\jni.cpp, line 516]
Event: 116.527 Thread 0x00000214dd218cc0 Exception <a 'sun/nio/fs/WindowsException'{0x00000000eab674b8}> (0x00000000eab674b8) 
thrown [s\src\hotspot\share\prims\jni.cpp, line 516]
Event: 116.528 Thread 0x00000214dd218cc0 Exception <a 'sun/nio/fs/WindowsException'{0x00000000eab681e0}> (0x00000000eab681e0) 
thrown [s\src\hotspot\share\prims\jni.cpp, line 516]
Event: 116.528 Thread 0x00000214dd218cc0 Exception <a 'sun/nio/fs/WindowsException'{0x00000000eab68818}> (0x00000000eab68818) 
thrown [s\src\hotspot\share\prims\jni.cpp, line 516]
Event: 116.529 Thread 0x00000214dd218cc0 Exception <a 'sun/nio/fs/WindowsException'{0x00000000eab693a0}> (0x00000000eab693a0) 
thrown [s\src\hotspot\share\prims\jni.cpp, line 516]
Event: 116.530 Thread 0x00000214dd218cc0 Exception <a 'sun/nio/fs/WindowsException'{0x00000000eab699d8}> (0x00000000eab699d8) 
thrown [s\src\hotspot\share\prims\jni.cpp, line 516]
Event: 116.832 Thread 0x00000214da1626a0 Exception <a 'java/lang/NoSuchMethodError'{0x00000000eb10bae8}: 'java.lang.Object java.lang.invoke.DirectMethodHandle$Holder.invokeSpecial(java.lang.Object, java.lang.Object, int, long)'> (0x00000000eb10bae8) 
thrown [s\src\hotspot\share\interpreter\linkResolver.cpp, line 759]
Event: 117.237 Thread 0x00000214da162bb0 Exception <a 'sun/nio/fs/WindowsException'{0x00000000eb442198}> (0x00000000eb442198) 
thrown [s\src\hotspot\share\prims\jni.cpp, line 516]
Event: 117.237 Thread 0x00000214da162bb0 Exception <a 'sun/nio/fs/WindowsException'{0x00000000eb4429f0}> (0x00000000eb4429f0) 
thrown [s\src\hotspot\share\prims\jni.cpp, line 516]
Event: 117.238 Thread 0x00000214da162bb0 Exception <a 'sun/nio/fs/WindowsException'{0x00000000eb443cd8}> (0x00000000eb443cd8) 
thrown [s\src\hotspot\share\prims\jni.cpp, line 516]
Event: 117.238 Thread 0x00000214da162bb0 Exception <a 'sun/nio/fs/WindowsException'{0x00000000eb444530}> (0x00000000eb444530) 
thrown [s\src\hotspot\share\prims\jni.cpp, line 516]
Event: 117.243 Thread 0x00000214da162bb0 Exception <a 'java/io/FileNotFoundException'{0x00000000eb45b628}> (0x00000000eb45b628) 
thrown [s\src\hotspot\share\prims\jni.cpp, line 516]
Event: 117.243 Thread 0x00000214da162bb0 Exception <a 'java/io/FileNotFoundException'{0x00000000eb45c870}> (0x00000000eb45c870) 
thrown [s\src\hotspot\share\prims\jni.cpp, line 516]
Event: 117.253 Thread 0x00000214da162bb0 Exception <a 'sun/nio/fs/WindowsException'{0x00000000eb4a06d8}> (0x00000000eb4a06d8) 
thrown [s\src\hotspot\share\prims\jni.cpp, line 516]
Event: 117.253 Thread 0x00000214da162bb0 Exception <a 'sun/nio/fs/WindowsException'{0x00000000eb4a0f30}> (0x00000000eb4a0f30) 
thrown [s\src\hotspot\share\prims\jni.cpp, line 516]
Event: 117.530 Thread 0x00000214da162bb0 Exception <a 'sun/nio/fs/WindowsException'{0x00000000eb1b81c8}> (0x00000000eb1b81c8) 
thrown [s\src\hotspot\share\prims\jni.cpp, line 516]
Event: 117.530 Thread 0x00000214da162bb0 Exception <a 'sun/nio/fs/WindowsException'{0x00000000eb1b8cc8}> (0x00000000eb1b8cc8) 
thrown [s\src\hotspot\share\prims\jni.cpp, line 516]

VM Operations (20 events):
Event: 116.283 Executing VM operation: HandshakeAllThreads
Event: 116.283 Executing VM operation: HandshakeAllThreads done
Event: 116.438 Executing VM operation: ParallelGCFailedAllocation
Event: 116.448 Executing VM operation: ParallelGCFailedAllocation done
Event: 117.241 Executing VM operation: HandshakeAllThreads
Event: 117.241 Executing VM operation: HandshakeAllThreads done
Event: 117.453 Executing VM operation: ParallelGCFailedAllocation
Event: 117.479 Executing VM operation: ParallelGCFailedAllocation done
Event: 117.633 Executing VM operation: ParallelGCFailedAllocation
Event: 117.634 Executing VM operation: ParallelGCFailedAllocation done
Event: 117.634 Executing VM operation: ParallelGCSystemGC
Event: 117.645 Executing VM operation: ParallelGCSystemGC done
Event: 117.753 Executing VM operation: ParallelGCFailedAllocation
Event: 117.960 Executing VM operation: ParallelGCFailedAllocation done
Event: 118.162 Executing VM operation: ParallelGCFailedAllocation
Event: 118.311 Executing VM operation: ParallelGCFailedAllocation done
Event: 118.378 Executing VM operation: HandshakeAllThreads
Event: 118.429 Executing VM operation: HandshakeAllThreads done
Event: 118.451 Executing VM operation: ParallelGCFailedAllocation
Event: 118.454 Executing VM operation: ParallelGCFailedAllocation done

Memory protections (0 events):
No events

Nmethod flushes (20 events):
Event: 74.207 Thread 0x00000214d99162c0 flushing  nmethod 0x00000214c3ee9c90
Event: 74.207 Thread 0x00000214d99162c0 flushing  nmethod 0x00000214c3eebb10
Event: 74.207 Thread 0x00000214d99162c0 flushing  nmethod 0x00000214c3eec890
Event: 74.207 Thread 0x00000214d99162c0 flushing  nmethod 0x00000214c3eecc90
Event: 74.207 Thread 0x00000214d99162c0 flushing  nmethod 0x00000214c3eedb90
Event: 74.207 Thread 0x00000214d99162c0 flushing  nmethod 0x00000214c3eee710
Event: 74.207 Thread 0x00000214d99162c0 flushing  nmethod 0x00000214c3eef790
Event: 74.207 Thread 0x00000214d99162c0 flushing  nmethod 0x00000214c3ef5290
Event: 74.207 Thread 0x00000214d99162c0 flushing  nmethod 0x00000214c3ef6690
Event: 74.207 Thread 0x00000214d99162c0 flushing  nmethod 0x00000214c3ef6d90
Event: 74.207 Thread 0x00000214d99162c0 flushing  nmethod 0x00000214c3ef8010
Event: 74.207 Thread 0x00000214d99162c0 flushing  nmethod 0x00000214c3efc710
Event: 74.207 Thread 0x00000214d99162c0 flushing  nmethod 0x00000214c3efee10
Event: 74.207 Thread 0x00000214d99162c0 flushing  nmethod 0x00000214c3effd90
Event: 74.207 Thread 0x00000214d99162c0 flushing  nmethod 0x00000214c3f00390
Event: 74.207 Thread 0x00000214d99162c0 flushing  nmethod 0x00000214c3f04010
Event: 74.207 Thread 0x00000214d99162c0 flushing  nmethod 0x00000214c3f07b90
Event: 74.207 Thread 0x00000214d99162c0 flushing  nmethod 0x00000214c3f15290
Event: 115.232 Thread 0x00000214d99162c0 flushing  nmethod 0x00000214c3f0f610
Event: 115.232 Thread 0x00000214d99162c0 flushing  nmethod 0x00000214c3f12510

Events (20 events):
Event: 110.161 Thread 0x00000214db8db580 Thread exited: 0x00000214db8db580
Event: 111.180 Thread 0x00000214d99135f0 Thread added: 0x00000214db8db580
Event: 112.290 Thread 0x00000214db8db580 Thread exited: 0x00000214db8db580
Event: 113.165 Thread 0x00000214d99135f0 Thread added: 0x00000214db8db030
Event: 113.397 Thread 0x00000214db8db030 Thread exited: 0x00000214db8db030
Event: 113.633 Thread 0x00000214d99135f0 Thread added: 0x00000214db8da040
Event: 113.933 Thread 0x00000214db8da040 Thread exited: 0x00000214db8da040
Event: 113.957 Thread 0x00000214dd218cc0 Thread added: 0x00000214dd21b540
Event: 113.978 Thread 0x00000214da161c80 Thread added: 0x00000214dd21ba50
Event: 114.073 Thread 0x00000214dd21ba50 Thread exited: 0x00000214dd21ba50
Event: 114.530 Thread 0x00000214d99135f0 Thread added: 0x00000214db8dbad0
Event: 115.337 Thread 0x00000214db8dbad0 Thread exited: 0x00000214db8dbad0
Event: 115.744 Thread 0x00000214d99135f0 Thread added: 0x00000214db8da040
Event: 116.551 Thread 0x00000214dd21b540 Thread added: 0x00000214dd216950
Event: 116.654 Thread 0x00000214dd216950 Thread added: 0x00000214dd216e60
Event: 116.811 Thread 0x00000214db8da040 Thread exited: 0x00000214db8da040
Event: 117.454 Thread 0x00000214dd216e60 Thread added: 0x00000214dd2182a0
Event: 117.459 Thread 0x00000214da162bb0 Thread added: 0x00000214dd2191d0
Event: 117.459 Thread 0x00000214d99135f0 Thread added: 0x00000214db8da040
Event: 117.969 Thread 0x00000214db8da040 Thread exited: 0x00000214db8da040


Dynamic libraries:
0x00007ff6945e0000 - 0x00007ff6945ee000 	c:\Users\Pro\.vscode\extensions\redhat.java-1.38.0-win32-x64\jre\17.0.13-win32-x86_64\bin\java.exe
0x00007ff8733f0000 - 0x00007ff873607000 	C:\WINDOWS\SYSTEM32\ntdll.dll
0x00007ff855730000 - 0x00007ff85574a000 	C:\Program Files\Avast Software\Avast\aswhook.dll
0x00007ff872c10000 - 0x00007ff872cd4000 	C:\WINDOWS\System32\KERNEL32.DLL
0x00007ff870900000 - 0x00007ff870cba000 	C:\WINDOWS\System32\KERNELBASE.dll
0x00007ff8707e0000 - 0x00007ff8708f1000 	C:\WINDOWS\System32\ucrtbase.dll
0x00007ff84cb30000 - 0x00007ff84cb47000 	c:\Users\Pro\.vscode\extensions\redhat.java-1.38.0-win32-x64\jre\17.0.13-win32-x86_64\bin\jli.dll
0x00007ff871500000 - 0x00007ff8716ae000 	C:\WINDOWS\System32\USER32.dll
0x00007ff8706b0000 - 0x00007ff8706d6000 	C:\WINDOWS\System32\win32u.dll
0x00007ff8714d0000 - 0x00007ff8714f9000 	C:\WINDOWS\System32\GDI32.dll
0x00007ff870d60000 - 0x00007ff870e7b000 	C:\WINDOWS\System32\gdi32full.dll
0x00007ff870cc0000 - 0x00007ff870d5a000 	C:\WINDOWS\System32\msvcp_win.dll
0x00007ff8424d0000 - 0x00007ff8424ee000 	c:\Users\Pro\.vscode\extensions\redhat.java-1.38.0-win32-x64\jre\17.0.13-win32-x86_64\bin\VCRUNTIME140.dll
0x00007ff85a940000 - 0x00007ff85abd2000 	C:\WINDOWS\WinSxS\amd64_microsoft.windows.common-controls_6595b64144ccf1df_6.0.22621.4541_none_2710d1c57384c085\COMCTL32.dll
0x00007ff871770000 - 0x00007ff871817000 	C:\WINDOWS\System32\msvcrt.dll
0x00007ff873110000 - 0x00007ff873141000 	C:\WINDOWS\System32\IMM32.DLL
0x00007ff8477a0000 - 0x00007ff8477ac000 	c:\Users\Pro\.vscode\extensions\redhat.java-1.38.0-win32-x64\jre\17.0.13-win32-x86_64\bin\vcruntime140_1.dll
0x00007ff83a720000 - 0x00007ff83a7ad000 	c:\Users\Pro\.vscode\extensions\redhat.java-1.38.0-win32-x64\jre\17.0.13-win32-x86_64\bin\msvcp140.dll
0x00007fffa1490000 - 0x00007fffa20fb000 	c:\Users\Pro\.vscode\extensions\redhat.java-1.38.0-win32-x64\jre\17.0.13-win32-x86_64\bin\server\jvm.dll
0x00007ff8718b0000 - 0x00007ff871962000 	C:\WINDOWS\System32\ADVAPI32.dll
0x00007ff8716c0000 - 0x00007ff871767000 	C:\WINDOWS\System32\sechost.dll
0x00007ff8710b0000 - 0x00007ff8710d8000 	C:\WINDOWS\System32\bcrypt.dll
0x00007ff871d30000 - 0x00007ff871e44000 	C:\WINDOWS\System32\RPCRT4.dll
0x00007ff873090000 - 0x00007ff873101000 	C:\WINDOWS\System32\WS2_32.dll
0x00007ff870580000 - 0x00007ff8705cd000 	C:\WINDOWS\SYSTEM32\POWRPROF.dll
0x00007ff866580000 - 0x00007ff8665b4000 	C:\WINDOWS\SYSTEM32\WINMM.dll
0x00007ff85cd60000 - 0x00007ff85cd6a000 	C:\WINDOWS\SYSTEM32\VERSION.dll
0x00007ff870560000 - 0x00007ff870573000 	C:\WINDOWS\SYSTEM32\UMPDC.dll
0x00007ff86f6b0000 - 0x00007ff86f6c8000 	C:\WINDOWS\SYSTEM32\kernel.appcore.dll
0x00007ff8424c0000 - 0x00007ff8424ca000 	c:\Users\Pro\.vscode\extensions\redhat.java-1.38.0-win32-x64\jre\17.0.13-win32-x86_64\bin\jimage.dll
0x00007ff86d3f0000 - 0x00007ff86d622000 	C:\WINDOWS\SYSTEM32\DBGHELP.DLL
0x00007ff872ce0000 - 0x00007ff873071000 	C:\WINDOWS\System32\combase.dll
0x00007ff871a00000 - 0x00007ff871ad7000 	C:\WINDOWS\System32\OLEAUT32.dll
0x00007ff85e4e0000 - 0x00007ff85e512000 	C:\WINDOWS\SYSTEM32\dbgcore.DLL
0x00007ff870760000 - 0x00007ff8707db000 	C:\WINDOWS\System32\bcryptPrimitives.dll
0x00007ff840220000 - 0x00007ff84022e000 	c:\Users\Pro\.vscode\extensions\redhat.java-1.38.0-win32-x64\jre\17.0.13-win32-x86_64\bin\instrument.dll
0x00007ff83c3a0000 - 0x00007ff83c3c5000 	c:\Users\Pro\.vscode\extensions\redhat.java-1.38.0-win32-x64\jre\17.0.13-win32-x86_64\bin\java.dll
0x00007ff842540000 - 0x00007ff842558000 	c:\Users\Pro\.vscode\extensions\redhat.java-1.38.0-win32-x64\jre\17.0.13-win32-x86_64\bin\zip.dll
0x00007ff872390000 - 0x00007ff872c09000 	C:\WINDOWS\System32\SHELL32.dll
0x00007ff86e5a0000 - 0x00007ff86eea9000 	C:\WINDOWS\SYSTEM32\windows.storage.dll
0x00007ff86e460000 - 0x00007ff86e59f000 	C:\WINDOWS\SYSTEM32\wintypes.dll
0x00007ff8710e0000 - 0x00007ff8711da000 	C:\WINDOWS\System32\SHCORE.dll
0x00007ff871eb0000 - 0x00007ff871f0e000 	C:\WINDOWS\System32\shlwapi.dll
0x00007ff8705e0000 - 0x00007ff87060b000 	C:\WINDOWS\SYSTEM32\profapi.dll
0x00007ff858e70000 - 0x00007ff858e89000 	C:\Users\Pro\.vscode\extensions\redhat.java-1.38.0-win32-x64\jre\17.0.13-win32-x86_64\bin\net.dll
0x00007ff865940000 - 0x00007ff865a76000 	C:\WINDOWS\SYSTEM32\WINHTTP.dll
0x00007ff86fb20000 - 0x00007ff86fb89000 	C:\WINDOWS\system32\mswsock.dll
0x00007ff840240000 - 0x00007ff840256000 	C:\Users\Pro\.vscode\extensions\redhat.java-1.38.0-win32-x64\jre\17.0.13-win32-x86_64\bin\nio.dll
0x00007ff846ad0000 - 0x00007ff846ae0000 	c:\Users\Pro\.vscode\extensions\redhat.java-1.38.0-win32-x64\jre\17.0.13-win32-x86_64\bin\verify.dll
0x00007ff83a680000 - 0x00007ff83a6c5000 	C:\Users\Pro\AppData\Roaming\Code\User\globalStorage\redhat.java\1.38.0\config_win\org.eclipse.equinox.launcher\org.eclipse.equinox.launcher.win32.win32.x86_64_1.2.1100.v20240722-2106\eclipse_11904.dll
0x00007ff873150000 - 0x00007ff8732f5000 	C:\WINDOWS\System32\ole32.dll
0x00007ff840230000 - 0x00007ff84023a000 	C:\Users\Pro\.vscode\extensions\redhat.java-1.38.0-win32-x64\jre\17.0.13-win32-x86_64\bin\management.dll
0x00007ff840210000 - 0x00007ff84021b000 	C:\Users\Pro\.vscode\extensions\redhat.java-1.38.0-win32-x64\jre\17.0.13-win32-x86_64\bin\management_ext.dll
0x00007ff871ea0000 - 0x00007ff871ea8000 	C:\WINDOWS\System32\PSAPI.DLL
0x00007ff86fe70000 - 0x00007ff86fe8b000 	C:\WINDOWS\SYSTEM32\CRYPTSP.dll
0x00007ff86f610000 - 0x00007ff86f645000 	C:\WINDOWS\system32\rsaenh.dll
0x00007ff86fbc0000 - 0x00007ff86fbe8000 	C:\WINDOWS\SYSTEM32\USERENV.dll
0x00007ff86fe50000 - 0x00007ff86fe5c000 	C:\WINDOWS\SYSTEM32\CRYPTBASE.dll
0x00007ff86f110000 - 0x00007ff86f13d000 	C:\WINDOWS\SYSTEM32\IPHLPAPI.DLL
0x00007ff8716b0000 - 0x00007ff8716b9000 	C:\WINDOWS\System32\NSI.dll
0x00007ff865ab0000 - 0x00007ff865ac9000 	C:\WINDOWS\SYSTEM32\dhcpcsvc6.DLL
0x00007ff864fd0000 - 0x00007ff864fef000 	C:\WINDOWS\SYSTEM32\dhcpcsvc.DLL
0x00007ff86f180000 - 0x00007ff86f282000 	C:\WINDOWS\SYSTEM32\DNSAPI.dll
0x00007ff83a4e0000 - 0x00007ff83a529000 	C:\Users\Pro\AppData\Local\Temp\jna-80525\jna7680150872763979528.dll
0x00007ff840170000 - 0x00007ff84017e000 	C:\Users\Pro\.vscode\extensions\redhat.java-1.38.0-win32-x64\jre\17.0.13-win32-x86_64\bin\sunmscapi.dll
0x00007ff870f40000 - 0x00007ff8710a6000 	C:\WINDOWS\System32\CRYPT32.dll
0x00007ff86ff60000 - 0x00007ff86ff8d000 	C:\WINDOWS\SYSTEM32\ncrypt.dll
0x00007ff86ff20000 - 0x00007ff86ff57000 	C:\WINDOWS\SYSTEM32\NTASN1.dll
0x00007ff85ace0000 - 0x00007ff85acea000 	C:\Windows\System32\rasadhlp.dll
0x00007ff862850000 - 0x00007ff8628d3000 	C:\WINDOWS\System32\fwpuclnt.dll
0x00007ff83a570000 - 0x00007ff83a579000 	C:\Users\Pro\.vscode\extensions\redhat.java-1.38.0-win32-x64\jre\17.0.13-win32-x86_64\bin\extnet.dll

dbghelp: loaded successfully - version: 4.0.5 - missing functions: none
symbol engine: initialized successfully - sym options: 0x614 - pdb path: .;c:\Users\Pro\.vscode\extensions\redhat.java-1.38.0-win32-x64\jre\17.0.13-win32-x86_64\bin;C:\WINDOWS\SYSTEM32;C:\Program Files\Avast Software\Avast;C:\WINDOWS\WinSxS\amd64_microsoft.windows.common-controls_6595b64144ccf1df_6.0.22621.4541_none_2710d1c57384c085;c:\Users\Pro\.vscode\extensions\redhat.java-1.38.0-win32-x64\jre\17.0.13-win32-x86_64\bin\server;C:\Users\Pro\AppData\Roaming\Code\User\globalStorage\redhat.java\1.38.0\config_win\org.eclipse.equinox.launcher\org.eclipse.equinox.launcher.win32.win32.x86_64_1.2.1100.v20240722-2106;C:\Users\Pro\AppData\Local\Temp\jna-80525

VM Arguments:
jvm_args: --add-modules=ALL-SYSTEM --add-opens=java.base/java.util=ALL-UNNAMED --add-opens=java.base/java.lang=ALL-UNNAMED --add-opens=java.base/sun.nio.fs=ALL-UNNAMED -Declipse.application=org.eclipse.jdt.ls.core.id1 -Dosgi.bundles.defaultStartLevel=4 -Declipse.product=org.eclipse.jdt.ls.core.product -Djava.import.generatesMetadataFilesAtProjectRoot=false -DDetectVMInstallationsJob.disabled=true -Dfile.encoding=utf8 -XX:+UseParallelGC -XX:GCTimeRatio=4 -XX:AdaptiveSizePolicyWeight=90 -Dsun.zip.disableMemoryMapping=true -Xmx1G -Xms100m -Xlog:disable -javaagent:c:\Users\Pro\.vscode\extensions\redhat.java-1.38.0-win32-x64\lombok\lombok-1.18.34.jar -XX:+HeapDumpOnOutOfMemoryError -XX:HeapDumpPath=c:\Users\Pro\AppData\Roaming\Code\User\workspaceStorage\f04f79d8a650a3d41215f12cbddc60ee\redhat.java -Daether.dependencyCollector.impl=bf 
java_command: c:\Users\Pro\.vscode\extensions\redhat.java-1.38.0-win32-x64\server\plugins\org.eclipse.equinox.launcher_1.6.900.v20240613-2009.jar -configuration c:\Users\Pro\AppData\Roaming\Code\User\globalStorage\redhat.java\1.38.0\config_win -data c:\Users\Pro\AppData\Roaming\Code\User\workspaceStorage\f04f79d8a650a3d41215f12cbddc60ee\redhat.java\jdt_ws --pipe=\\.\pipe\lsp-50bd6818099bc09b29bedf4b2285fe81-sock
java_class_path (initial): c:\Users\Pro\.vscode\extensions\redhat.java-1.38.0-win32-x64\server\plugins\org.eclipse.equinox.launcher_1.6.900.v20240613-2009.jar
Launcher Type: SUN_STANDARD

[Global flags]
    uintx AdaptiveSizePolicyWeight                 = 90                                        {product} {command line}
     intx CICompilerCount                          = 3                                         {product} {ergonomic}
    uintx GCTimeRatio                              = 4                                         {product} {command line}
     bool HeapDumpOnOutOfMemoryError               = true                                   {manageable} {command line}
    ccstr HeapDumpPath                             = c:\Users\Pro\AppData\Roaming\Code\User\workspaceStorage\f04f79d8a650a3d41215f12cbddc60ee\redhat.java         {manageable} {command line}
   size_t InitialHeapSize                          = 104857600                                 {product} {command line}
   size_t MaxHeapSize                              = 1073741824                                {product} {command line}
   size_t MaxNewSize                               = 357564416                                 {product} {ergonomic}
   size_t MinHeapDeltaBytes                        = 524288                                    {product} {ergonomic}
   size_t MinHeapSize                              = 104857600                                 {product} {command line}
   size_t NewSize                                  = 34603008                                  {product} {ergonomic}
    uintx NonNMethodCodeHeapSize                   = 5832780                                {pd product} {ergonomic}
    uintx NonProfiledCodeHeapSize                  = 122912730                              {pd product} {ergonomic}
   size_t OldSize                                  = 70254592                                  {product} {ergonomic}
    uintx ProfiledCodeHeapSize                     = 122912730                              {pd product} {ergonomic}
    uintx ReservedCodeCacheSize                    = 251658240                              {pd product} {ergonomic}
     bool SegmentedCodeCache                       = true                                      {product} {ergonomic}
   size_t SoftMaxHeapSize                          = 1073741824                             {manageable} {ergonomic}
     bool UseCompressedClassPointers               = true                           {product lp64_product} {ergonomic}
     bool UseCompressedOops                        = true                           {product lp64_product} {ergonomic}
     bool UseLargePagesIndividualAllocation        = false                                  {pd product} {ergonomic}
     bool UseParallelGC                            = true                                      {product} {command line}

Logging:
Log output configuration:
 #0: stdout all=off uptime,level,tags
 #1: stderr all=off uptime,level,tags

Environment Variables:
PATH=C:\Program Files\Python311\Scripts\;C:\Program Files\Python311\;C:\Program Files (x86)\VMware\VMware Workstation\bin\;C:\Program Files\Common Files\Oracle\Java\javapath;C:\Program Files (x86)\Common Files\Oracle\Java\java8path;C:\Program Files (x86)\Common Files\Oracle\Java\javapath;C:\WINDOWS\system32;C:\WINDOWS;C:\WINDOWS\System32\Wbem;C:\WINDOWS\System32\WindowsPowerShell\v1.0\;C:\WINDOWS\System32\OpenSSH\;C:\Program Files (x86)\AOMEI\AOMEI Backupper\6.9.2;C:\Program Files\Intel\WiFi\bin\;C:\Program Files\Common Files\Intel\WirelessCommon\;C:\Program Files (x86)\Microsoft SQL Server\160\DTS\Binn\;C:\Program Files (x86)\Microsoft SQL Server\160\Tools\Binn\;C:\Program Files\Microsoft SQL Server\160\Tools\Binn\;C:\Program Files\Microsoft SQL Server\Client SDK\ODBC\170\Tools\Binn\;C:\Program Files\Microsoft SQL Server\160\DTS\Binn\;C:\Program Files\Microsoft SQL Server\150\Tools\Binn\;C:\Program Files\dotnet\;C:\Program Files\PostgreSQL\17\pgAdmin 4\python\python.exe;C:\Program Files\PostgreSQL\17\pgAdmin 4\web\pgAdmin4.py;C:\Users\Pro\AppData\Roaming\pgadmin4\config.json;C:\Program Files\Git\cmd;C:\Program Files\Git\bin;C:\Users\pro\AppData\Local\Programs\Python\;C:\Users\pro\AppData\Local\Programs\Python\PythonXX\;C:\Users\pro\AppData\Local\Programs\Python\PythonXX\Scripts\;C:\Users\Pro\AppData\Local\Programs\Python\Python313\Scripts\;C:\Users\Pro\AppData\Local\Programs\Python\Python313\;C:\Users\Pro\AppData\Local\Programs\Python\Launcher\;C:\Users\Pro\AppData\Local\Microsoft\WindowsApps;C:\Users\Pro\AppData\Local\Programs\Microsoft VS Code\bin;C:\Users\Pro\.dotnet\tools;C:\Program Files (x86)\Git\bin;C:\Users\Pro\Downloads\apache-maven-3.9.9-bin;C:\Users\pro\AppData\Local\Programs\Python\;C:\Users\pro\AppData\Local\Programs\Python\PythonXX\;C:\Users\pro\AppData\Local\Programs\Python\PythonXX\Scripts\;C:\Users\Pro\AppData\Local\Programs\Python\Python313\;C:\Users\Pro\AppData\Local\Programs\Python\Python313\Scripts\;;C:\Program Files\JetBrains\IntelliJ IDEA 2024.3
USERNAME=Pro
OS=Windows_NT
PROCESSOR_IDENTIFIER=Intel64 Family 6 Model 78 Stepping 3, GenuineIntel
TMP=C:\Users\Pro\AppData\Local\Temp
TEMP=C:\Users\Pro\AppData\Local\Temp



Periodic native trim disabled


---------------  S Y S T E M  ---------------

OS:
 Windows 11 , 64 bit Build 22621 (10.0.22621.4391)
OS uptime: 0 days 0:44 hours
Hyper-V role detected

CPU: total 4 (initial active 4) (2 cores per cpu, 2 threads per core) family 6 model 78 stepping 3 microcode 0xf0, cx8, cmov, fxsr, ht, mmx, 3dnowpref, sse, sse2, sse3, ssse3, sse4.1, sse4.2, popcnt, lzcnt, tsc, tscinvbit, avx, avx2, aes, erms, clmul, bmi1, bmi2, rtm, adx, fma, vzeroupper, clflush, clflushopt, hv
Processor Information for all 4 processors :
  Max Mhz: 2496, Current Mhz: 2396, Mhz Limit: 2396

Memory: 4k page, system-wide physical 8072M (472M free)
TotalPageFile size 12444M (AvailPageFile size 7M)
current process WorkingSet (physical memory assigned to process): 316M, peak: 317M
current process commit charge ("private bytes"): 349M, peak: 356M

vm_info: OpenJDK 64-Bit Server VM (17.0.13+11) for windows-amd64 JRE (17.0.13+11), built on Oct 16 2024 00:10:08 by "admin" with MS VC++ 17.7 (VS2022)

END.
